Arguments: 
  C:\Program Files\nodejs\node.exe C:\Program Files (x86)\Yarn\bin\yarn.js add Flask

PATH: 
  C:\Program Files\Git\mingw64\bin;C:\Program Files\Git\usr\bin;C:\Users\Glen Asare\bin;C:\Users\YourUser\AppData\Local\Android\Sdk\plataform-tools;C:\Program Files (x86)\VMware\VMware Player\bin;C:\Program Files (x86)\Common Files\Oracle\Java\javapath;C:\Program Files\Common Files\Oracle\Java\javapath;C:\Windows\system32;C:\Windows;C:\Windows\System32\Wbem;C:\Windows\System32\WindowsPowerShell\v1.0;C:\Windows\System32\OpenSSH;C:\Program Files (x86)\NVIDIA Corporation\PhysX\Common;C:\Program Files\NVIDIA Corporation\NVIDIA NvDLISR;C:\Program Files\nodejs;C:\Program Files\Git\cmd;C:\Program Files (x86)\Intel\Intel(R) Management Engine Components\DAL;C:\Program Files\Intel\Intel(R) Management Engine Components\DAL;C:\Program Files (x86)\Yarn\bin;C:\Program Files (x86)\Windows Kits\10\Windows Performance Toolkit;C:\Users\Glen Asare\AppData\Local\Yarn\bin;C:\Users\Glen Asare\AppData\Roaming\npm;C:\Users\Glen Asare\AppData\Local\Microsoft\WindowsApps;C:\Users\Glen Asare\AppData\Roaming\npm;C:\Users\Glen Asare\AppData\Local\GitHubDesktop\bin;C:\Users\Glen Asare\AppData\Local\Yarn\bin;D:\Microsoft VS Code\bin;F:\Glen Asare\Documents\pythonProject\venv\Scripts;C:\Program Files\MongoDB\Server\5.0\bin;C:\Program Files\heroku\bin

Yarn version: 
  1.22.5

Node version: 
  14.16.0

Platform: 
  win32 x64

Trace: 
  Error: https://registry.yarnpkg.com/Flask: Not found
      at Request.params.callback [as _callback] (C:\Program Files (x86)\Yarn\lib\cli.js:66097:18)
      at Request.self.callback (C:\Program Files (x86)\Yarn\lib\cli.js:140749:22)
      at Request.emit (events.js:315:20)
      at Request.<anonymous> (C:\Program Files (x86)\Yarn\lib\cli.js:141721:10)
      at Request.emit (events.js:315:20)
      at IncomingMessage.<anonymous> (C:\Program Files (x86)\Yarn\lib\cli.js:141643:12)
      at Object.onceWrapper (events.js:421:28)
      at IncomingMessage.emit (events.js:327:22)
      at endReadableNT (internal/streams/readable.js:1327:12)
      at processTicksAndRejections (internal/process/task_queues.js:80:21)

npm manifest: 
  {
    "name": "moes-website",
    "version": "0.1.0",
    "private": true,
    "dependencies": {
      "@testing-library/jest-dom": "^5.11.4",
      "@testing-library/react": "^11.1.0",
      "@testing-library/user-event": "^12.1.10",
      "aos": "^2.3.4",
      "bootstrap": "^5.0.2",
      "psycopg2-binary": "0.0.1",
      "react": "^17.0.2",
      "react-bootstrap": "^2.0.0-beta.4",
      "react-dom": "^17.0.2",
      "react-icons": "^4.2.0",
      "react-iframe": "^1.8.0",
      "react-router-dom": "^5.2.0",
      "react-scripts": "4.0.1",
      "react-scroll": "^1.8.3",
      "react-twitter-login": "^1.4.0",
      "reactstrap": "^8.9.0",
      "styled-component": "^2.8.0",
      "styled-components": "^5.3.0",
      "web-vitals": "^1.0.1"
    },
    "scripts": {
      "start": "react-scripts start",
      "build": "react-scripts build",
      "test": "react-scripts test",
      "eject": "react-scripts eject"
    },
    "eslintConfig": {
      "extends": [
        "react-app",
        "react-app/jest"
      ]
    },
    "browserslist": {
      "production": [
        ">0.2%",
        "not dead",
        "not op_mini all"
      ],
      "development": [
        "last 1 chrome version",
        "last 1 firefox version",
        "last 1 safari version"
      ]
    }
  }

yarn manifest: 
  No manifest

Lockfile: 
  No lockfile
